\BOOKMARK [1][-]{section.1}{Introduction}{}% 1
\BOOKMARK [1][-]{section.2}{Background}{}% 2
\BOOKMARK [2][-]{subsection.2.1}{MongoDB\040&\040MongoDB\040Atlas}{section.2}% 3
\BOOKMARK [2][-]{subsection.2.2}{AWS}{section.2}% 4
\BOOKMARK [2][-]{subsection.2.3}{Replication}{section.2}% 5
\BOOKMARK [2][-]{subsection.2.4}{Election\040After\040Failure}{section.2}% 6
\BOOKMARK [2][-]{subsection.2.5}{Write\040Concern}{section.2}% 7
\BOOKMARK [2][-]{subsection.2.6}{Read\040Concern}{section.2}% 8
\BOOKMARK [2][-]{subsection.2.7}{Read\040Preference}{section.2}% 9
\BOOKMARK [1][-]{section.3}{Aims}{}% 10
\BOOKMARK [1][-]{section.4}{Methods}{}% 11
\BOOKMARK [2][-]{subsection.4.1}{Server\040Setup\040in\040AWS}{section.4}% 12
\BOOKMARK [2][-]{subsection.4.2}{Inducing\040Failures}{section.4}% 13
\BOOKMARK [2][-]{subsection.4.3}{Test\040Framework}{section.4}% 14
\BOOKMARK [2][-]{subsection.4.4}{Data\040Analysis}{section.4}% 15
\BOOKMARK [1][-]{section.5}{Results}{}% 16
\BOOKMARK [1][-]{section.6}{Discussion}{}% 17
\BOOKMARK [1][-]{section.7}{Conclusion}{}% 18
\BOOKMARK [1][-]{section.8}{Future\040Work}{}% 19
\BOOKMARK [1][-]{section.9}{References}{}% 20
\BOOKMARK [1][-]{section.10}{Appendices}{}% 21
